-------------------------------------------------------------------------------
Test set: ControladorEstacionamientoTest
-------------------------------------------------------------------------------
Tests run: 8, Failures: 0, Errors: 8, Skipped: 0, Time elapsed: 0.040 s <<< FAILURE! -- in ControladorEstacionamientoTest
ControladorEstacionamientoTest.calcularMontoDescuentoFinDeSemana -- Time elapsed: 0.017 s <<< ERROR!
java.lang.Error: 
Unresolved compilation problem: 
	The method calcularMonto(LocalDateTime, LocalDateTime, String) is undefined for the type ControladorEstacionamiento

	at ControladorEstacionamientoTest.calcularMontoDescuentoFinDeSemana(ControladorEstacionamientoTest.java:68)
	at java.base/java.lang.reflect.Method.invoke(Method.java:565)
	at java.base/java.util.ArrayList.forEach(ArrayList.java:1604)
	at java.base/java.util.ArrayList.forEach(ArrayList.java:1604)

ControladorEstacionamientoTest.calcularDiaSinTickets -- Time elapsed: 0.002 s <<< ERROR!
java.lang.Error: 
Unresolved compilation problem: 
	The method calcularDia(ArrayList<Ticket>) is undefined for the type ControladorEstacionamiento

	at ControladorEstacionamientoTest.calcularDiaSinTickets(ControladorEstacionamientoTest.java:106)
	at java.base/java.lang.reflect.Method.invoke(Method.java:565)
	at java.base/java.util.ArrayList.forEach(ArrayList.java:1604)
	at java.base/java.util.ArrayList.forEach(ArrayList.java:1604)

ControladorEstacionamientoTest.calcularDiaNormal -- Time elapsed: 0.001 s <<< ERROR!
java.lang.Error: 
Unresolved compilation problem: 
	The method calcularDia(ArrayList<Ticket>) is undefined for the type ControladorEstacionamiento

	at ControladorEstacionamientoTest.calcularDiaNormal(ControladorEstacionamientoTest.java:93)
	at java.base/java.lang.reflect.Method.invoke(Method.java:565)
	at java.base/java.util.ArrayList.forEach(ArrayList.java:1604)
	at java.base/java.util.ArrayList.forEach(ArrayList.java:1604)

ControladorEstacionamientoTest.calcularMontoNormalAuto -- Time elapsed: 0.001 s <<< ERROR!
java.lang.Error: 
Unresolved compilation problem: 
	The method calcularMonto(LocalDateTime, LocalDateTime, String) is undefined for the type ControladorEstacionamiento

	at ControladorEstacionamientoTest.calcularMontoNormalAuto(ControladorEstacionamientoTest.java:13)
	at java.base/java.lang.reflect.Method.invoke(Method.java:565)
	at java.base/java.util.ArrayList.forEach(ArrayList.java:1604)
	at java.base/java.util.ArrayList.forEach(ArrayList.java:1604)

ControladorEstacionamientoTest.calcularMontoNormalMoto -- Time elapsed: 0.001 s <<< ERROR!
java.lang.Error: 
Unresolved compilation problem: 
	The method calcularMonto(LocalDateTime, LocalDateTime, String) is undefined for the type ControladorEstacionamiento

	at ControladorEstacionamientoTest.calcularMontoNormalMoto(ControladorEstacionamientoTest.java:24)
	at java.base/java.lang.reflect.Method.invoke(Method.java:565)
	at java.base/java.util.ArrayList.forEach(ArrayList.java:1604)
	at java.base/java.util.ArrayList.forEach(ArrayList.java:1604)

ControladorEstacionamientoTest.calcularMontoNormalCamioneta -- Time elapsed: 0 s <<< ERROR!
java.lang.Error: 
Unresolved compilation problem: 
	The method calcularMonto(LocalDateTime, LocalDateTime, String) is undefined for the type ControladorEstacionamiento

	at ControladorEstacionamientoTest.calcularMontoNormalCamioneta(ControladorEstacionamientoTest.java:35)
	at java.base/java.lang.reflect.Method.invoke(Method.java:565)
	at java.base/java.util.ArrayList.forEach(ArrayList.java:1604)
	at java.base/java.util.ArrayList.forEach(ArrayList.java:1604)

ControladorEstacionamientoTest.calcularMonto0Minutos -- Time elapsed: 0 s <<< ERROR!
java.lang.Error: 
Unresolved compilation problem: 
	The method calcularMonto(LocalDateTime, LocalDateTime, String) is undefined for the type ControladorEstacionamiento

	at ControladorEstacionamientoTest.calcularMonto0Minutos(ControladorEstacionamientoTest.java:46)
	at java.base/java.lang.reflect.Method.invoke(Method.java:565)
	at java.base/java.util.ArrayList.forEach(ArrayList.java:1604)
	at java.base/java.util.ArrayList.forEach(ArrayList.java:1604)

ControladorEstacionamientoTest.calcularMontoMaximo -- Time elapsed: 0.001 s <<< ERROR!
java.lang.Error: 
Unresolved compilation problem: 
	The method calcularMonto(LocalDateTime, LocalDateTime, String) is undefined for the type ControladorEstacionamiento

	at ControladorEstacionamientoTest.calcularMontoMaximo(ControladorEstacionamientoTest.java:57)
	at java.base/java.lang.reflect.Method.invoke(Method.java:565)
	at java.base/java.util.ArrayList.forEach(ArrayList.java:1604)
	at java.base/java.util.ArrayList.forEach(ArrayList.java:1604)

