<?xml version="1.0" encoding="UTF-8"?>
<testsuite xmlns:xsi="http://www.w3.org/2001/XMLSchema-instance" xsi:noNamespaceSchemaLocation="https://maven.apache.org/surefire/maven-surefire-plugin/xsd/surefire-test-report-3.0.xsd" version="3.0" name="AccionTicketTest" time="0.081" tests="21" errors="0" skipped="0" failures="0">
  <properties>
[...]
</properties>
  <testcase name="getTicketCerradoFail" classname="AccionTicketTest" time="0.033"/>
  <testcase name="calcularMontoDescuentoFinDeSemana" classname="AccionTicketTest" time="0.002"/>
  <testcase name="nuevaIDTest" classname="AccionTicketTest" time="0.001"/>
  <testcase name="getTicketAbiertoFail" classname="AccionTicketTest" time="0.001"/>
  <testcase name="cerrarTicketFail" classname="AccionTicketTest" time="0.001"/>
  <testcase name="cerrarTicketSuccess" classname="AccionTicketTest" time="0.001"/>
  <testcase name="calcularDiaSinTickets" classname="AccionTicketTest" time="0.001"/>
  <testcase name="getAbiertos" classname="AccionTicketTest" time="0.001"/>
  <testcase name="getTicketCerradoSuccess" classname="AccionTicketTest" time="0.002"/>
  <testcase name="abrirTicketSuccess" classname="AccionTicketTest" time="0.0"/>
  <testcase name="getTicketAbiertoSuccess" classname="AccionTicketTest" time="0.0"/>
  <testcase name="calcularDiaNormal" classname="AccionTicketTest" time="0.001"/>
  <testcase name="nuevaIDFailTest" classname="AccionTicketTest" time="0.001"/>
  <testcase name="abrirTicketFail" classname="AccionTicketTest" time="0.001"/>
  <testcase name="calcularMontoNormalAuto" classname="AccionTicketTest" time="0.0"/>
  <testcase name="calcularMontoNormalMoto" classname="AccionTicketTest" time="0.001"/>
  <testcase name="calcularMontoNormalCamioneta" classname="AccionTicketTest" time="0.0"/>
  <testcase name="calcularMonto0Minutos" classname="AccionTicketTest" time="0.0"/>
  <testcase name="getCerrados" classname="AccionTicketTest" time="0.0"/>
  <testcase name="calcularDiaSinTicketsCerrados" classname="AccionTicketTest" time="0.001"/>
  <testcase name="calcularMontoMaximo" classname="AccionTicketTest" time="0.001"/>
</testsuite>