<?xml version="1.0" encoding="UTF-8"?>
<testsuite xmlns:xsi="http://www.w3.org/2001/XMLSchema-instance" xsi:noNamespaceSchemaLocation="https://maven.apache.org/surefire/maven-surefire-plugin/xsd/surefire-test-report-3.0.xsd" version="3.0" name="ControladorEstacionamientoTest" time="0.04" tests="8" errors="8" skipped="0" failures="0">
  <properties>
[...]
</properties>
  <testcase name="calcularMontoDescuentoFinDeSemana" classname="ControladorEstacionamientoTest" time="0.017">
    <error message="Unresolved compilation problem: &#10;	The method calcularMonto(LocalDateTime, LocalDateTime, String) is undefined for the type ControladorEstacionamiento&#10;" type="java.lang.Error"><![CDATA[java.lang.Error: 
Unresolved compilation problem: 
	The method calcularMonto(LocalDateTime, LocalDateTime, String) is undefined for the type ControladorEstacionamiento

	at ControladorEstacionamientoTest.calcularMontoDescuentoFinDeSemana(ControladorEstacionamientoTest.java:68)
	at java.base/java.lang.reflect.Method.invoke(Method.java:565)
	at java.base/java.util.ArrayList.forEach(ArrayList.java:1604)
	at java.base/java.util.ArrayList.forEach(ArrayList.java:1604)
]]></error>
  </testcase>
  <testcase name="calcularDiaSinTickets" classname="ControladorEstacionamientoTest" time="0.002">
    <error message="Unresolved compilation problem: &#10;	The method calcularDia(ArrayList&lt;Ticket&gt;) is undefined for the type ControladorEstacionamiento&#10;" type="java.lang.Error"><![CDATA[java.lang.Error: 
Unresolved compilation problem: 
	The method calcularDia(ArrayList<Ticket>) is undefined for the type ControladorEstacionamiento

	at ControladorEstacionamientoTest.calcularDiaSinTickets(ControladorEstacionamientoTest.java:106)
	at java.base/java.lang.reflect.Method.invoke(Method.java:565)
	at java.base/java.util.ArrayList.forEach(ArrayList.java:1604)
	at java.base/java.util.ArrayList.forEach(ArrayList.java:1604)
]]></error>
  </testcase>
  <testcase name="calcularDiaNormal" classname="ControladorEstacionamientoTest" time="0.001">
    <error message="Unresolved compilation problem: &#10;	The method calcularDia(ArrayList&lt;Ticket&gt;) is undefined for the type ControladorEstacionamiento&#10;" type="java.lang.Error"><![CDATA[java.lang.Error: 
Unresolved compilation problem: 
	The method calcularDia(ArrayList<Ticket>) is undefined for the type ControladorEstacionamiento

	at ControladorEstacionamientoTest.calcularDiaNormal(ControladorEstacionamientoTest.java:93)
	at java.base/java.lang.reflect.Method.invoke(Method.java:565)
	at java.base/java.util.ArrayList.forEach(ArrayList.java:1604)
	at java.base/java.util.ArrayList.forEach(ArrayList.java:1604)
]]></error>
  </testcase>
  <testcase name="calcularMontoNormalAuto" classname="ControladorEstacionamientoTest" time="0.001">
    <error message="Unresolved compilation problem: &#10;	The method calcularMonto(LocalDateTime, LocalDateTime, String) is undefined for the type ControladorEstacionamiento&#10;" type="java.lang.Error"><![CDATA[java.lang.Error: 
Unresolved compilation problem: 
	The method calcularMonto(LocalDateTime, LocalDateTime, String) is undefined for the type ControladorEstacionamiento

	at ControladorEstacionamientoTest.calcularMontoNormalAuto(ControladorEstacionamientoTest.java:13)
	at java.base/java.lang.reflect.Method.invoke(Method.java:565)
	at java.base/java.util.ArrayList.forEach(ArrayList.java:1604)
	at java.base/java.util.ArrayList.forEach(ArrayList.java:1604)
]]></error>
  </testcase>
  <testcase name="calcularMontoNormalMoto" classname="ControladorEstacionamientoTest" time="0.001">
    <error message="Unresolved compilation problem: &#10;	The method calcularMonto(LocalDateTime, LocalDateTime, String) is undefined for the type ControladorEstacionamiento&#10;" type="java.lang.Error"><![CDATA[java.lang.Error: 
Unresolved compilation problem: 
	The method calcularMonto(LocalDateTime, LocalDateTime, String) is undefined for the type ControladorEstacionamiento

	at ControladorEstacionamientoTest.calcularMontoNormalMoto(ControladorEstacionamientoTest.java:24)
	at java.base/java.lang.reflect.Method.invoke(Method.java:565)
	at java.base/java.util.ArrayList.forEach(ArrayList.java:1604)
	at java.base/java.util.ArrayList.forEach(ArrayList.java:1604)
]]></error>
  </testcase>
  <testcase name="calcularMontoNormalCamioneta" classname="ControladorEstacionamientoTest" time="0.0">
    <error message="Unresolved compilation problem: &#10;	The method calcularMonto(LocalDateTime, LocalDateTime, String) is undefined for the type ControladorEstacionamiento&#10;" type="java.lang.Error"><![CDATA[java.lang.Error: 
Unresolved compilation problem: 
	The method calcularMonto(LocalDateTime, LocalDateTime, String) is undefined for the type ControladorEstacionamiento

	at ControladorEstacionamientoTest.calcularMontoNormalCamioneta(ControladorEstacionamientoTest.java:35)
	at java.base/java.lang.reflect.Method.invoke(Method.java:565)
	at java.base/java.util.ArrayList.forEach(ArrayList.java:1604)
	at java.base/java.util.ArrayList.forEach(ArrayList.java:1604)
]]></error>
  </testcase>
  <testcase name="calcularMonto0Minutos" classname="ControladorEstacionamientoTest" time="0.0">
    <error message="Unresolved compilation problem: &#10;	The method calcularMonto(LocalDateTime, LocalDateTime, String) is undefined for the type ControladorEstacionamiento&#10;" type="java.lang.Error"><![CDATA[java.lang.Error: 
Unresolved compilation problem: 
	The method calcularMonto(LocalDateTime, LocalDateTime, String) is undefined for the type ControladorEstacionamiento

	at ControladorEstacionamientoTest.calcularMonto0Minutos(ControladorEstacionamientoTest.java:46)
	at java.base/java.lang.reflect.Method.invoke(Method.java:565)
	at java.base/java.util.ArrayList.forEach(ArrayList.java:1604)
	at java.base/java.util.ArrayList.forEach(ArrayList.java:1604)
]]></error>
  </testcase>
  <testcase name="calcularMontoMaximo" classname="ControladorEstacionamientoTest" time="0.001">
    <error message="Unresolved compilation problem: &#10;	The method calcularMonto(LocalDateTime, LocalDateTime, String) is undefined for the type ControladorEstacionamiento&#10;" type="java.lang.Error"><![CDATA[java.lang.Error: 
Unresolved compilation problem: 
	The method calcularMonto(LocalDateTime, LocalDateTime, String) is undefined for the type ControladorEstacionamiento

	at ControladorEstacionamientoTest.calcularMontoMaximo(ControladorEstacionamientoTest.java:57)
	at java.base/java.lang.reflect.Method.invoke(Method.java:565)
	at java.base/java.util.ArrayList.forEach(ArrayList.java:1604)
	at java.base/java.util.ArrayList.forEach(ArrayList.java:1604)
]]></error>
  </testcase>
</testsuite>