<?xml version="1.0" encoding="UTF-8"?>
<testsuite xmlns:xsi="http://www.w3.org/2001/XMLSchema-instance" xsi:noNamespaceSchemaLocation="https://maven.apache.org/surefire/maven-surefire-plugin/xsd/surefire-test-report-3.0.xsd" version="3.0" name="VistasEstacionamientoTest" time="0.062" tests="23" errors="0" skipped="0" failures="0">
  <properties>
[...]
</properties>
  <testcase name="idCerradoCorrecto" classname="VistasEstacionamientoTest" time="0.018">
    <system-out><![CDATA[=== Cierre de Tickets ===
ID: 1  |  Patente: AB1234
ID: 2  |  Patente: CD5678
ID: 3  |  Patente: EF9012
=========================

Ingrese 0 para anular la operación.
Ingrese ID del ticket del vehículo saliente: 
]]></system-out>
  </testcase>
  <testcase name="idEntradaInválidaEnteraVálida" classname="VistasEstacionamientoTest" time="0.001">
    <system-out><![CDATA[=== Lista de Tickets ===
ID: 4  |  Patente: GH3456
ID: 5  |  Patente: IJ7890
ID: 6  |  Patente: KL1234
========================

Ingrese 0 para anular la operación.
Ingrese ID del ticket para revisar su detalle: Opción no válida. Intente de nuevo.


Ingrese 0 para anular la operación.
Ingrese ID del ticket para revisar su detalle: 
]]></system-out>
  </testcase>
  <testcase name="idAbiertoCorrecto" classname="VistasEstacionamientoTest" time="0.001">
    <system-out><![CDATA[=== Lista de Tickets ===
ID: 1  |  Patente: AB1234
ID: 2  |  Patente: CD5678
ID: 3  |  Patente: EF9012
========================

Ingrese 0 para anular la operación.
Ingrese ID del ticket para revisar su detalle: 
]]></system-out>
  </testcase>
  <testcase name="patenteEntradaCorrecta1" classname="VistasEstacionamientoTest" time="0.001">
    <system-out><![CDATA[Formato esperado: LLDDDD o LLLLDD, L es letra, D es dígito.
Ejemplos: JD3289 o FEUW28.
Ingrese 0 para anular la operación.
Ingrese patente del vehículo entrante: 
]]></system-out>
  </testcase>
  <testcase name="patenteEntradaCorrecta2" classname="VistasEstacionamientoTest" time="0.0">
    <system-out><![CDATA[Formato esperado: LLDDDD o LLLLDD, L es letra, D es dígito.
Ejemplos: JD3289 o FEUW28.
Ingrese 0 para anular la operación.
Ingrese patente del vehículo entrante: 
]]></system-out>
  </testcase>
  <testcase name="menuOpcionEnteroMayorInválidoVálido" classname="VistasEstacionamientoTest" time="0.002">
    <system-out><![CDATA[=== Menú principal ===
1. Registrar entrada
2. Registrar salida
3. Lista de tickets abiertos
4. Lista de tickets cerrados
5. Recaudación del día
6. Salir
======================

Seleccione una opción: Opción no válida. Intente de nuevo.

=== Menú principal ===
1. Registrar entrada
2. Registrar salida
3. Lista de tickets abiertos
4. Lista de tickets cerrados
5. Recaudación del día
6. Salir
======================

Seleccione una opción: 
]]></system-out>
  </testcase>
  <testcase name="tipoCamionetaCorrecto" classname="VistasEstacionamientoTest" time="0.001">
    <system-out><![CDATA[Ingrese tipo de vehículo (auto/moto/camioneta): 
]]></system-out>
  </testcase>
  <testcase name="menuOpcionVálida" classname="VistasEstacionamientoTest" time="0.001">
    <system-out><![CDATA[=== Menú principal ===
1. Registrar entrada
2. Registrar salida
3. Lista de tickets abiertos
4. Lista de tickets cerrados
5. Recaudación del día
6. Salir
======================

Seleccione una opción: 
]]></system-out>
  </testcase>
  <testcase name="menuOpcionNoEnteroInválidoVálido" classname="VistasEstacionamientoTest" time="0.002">
    <system-out><![CDATA[=== Menú principal ===
1. Registrar entrada
2. Registrar salida
3. Lista de tickets abiertos
4. Lista de tickets cerrados
5. Recaudación del día
6. Salir
======================

Seleccione una opción: Opción no válida. Intente de nuevo.

=== Menú principal ===
1. Registrar entrada
2. Registrar salida
3. Lista de tickets abiertos
4. Lista de tickets cerrados
5. Recaudación del día
6. Salir
======================

Seleccione una opción: 
]]></system-out>
  </testcase>
  <testcase name="idEntradaInválidaNoEnteraVálida" classname="VistasEstacionamientoTest" time="0.002">
    <system-out><![CDATA[=== Lista de Tickets ===
ID: 4  |  Patente: GH3456
ID: 5  |  Patente: IJ7890
ID: 6  |  Patente: KL1234
========================

Ingrese 0 para anular la operación.
Ingrese ID del ticket para revisar su detalle: Opción no válida. Intente de nuevo.


Ingrese 0 para anular la operación.
Ingrese ID del ticket para revisar su detalle: 
]]></system-out>
  </testcase>
  <testcase name="patenteEntradaInválidaVálida" classname="VistasEstacionamientoTest" time="0.003">
    <system-out><![CDATA[Formato esperado: LLDDDD o LLLLDD, L es letra, D es dígito.
Ejemplos: JD3289 o FEUW28.
Ingrese 0 para anular la operación.
Ingrese patente del vehículo entrante: Opción no válida. Intente de nuevo.

Formato esperado: LLDDDD o LLLLDD, L es letra, D es dígito.
Ejemplos: JD3289 o FEUW28.
Ingrese 0 para anular la operación.
Ingrese patente del vehículo entrante: 
]]></system-out>
  </testcase>
  <testcase name="tipoEntradaInválidaVálida" classname="VistasEstacionamientoTest" time="0.001">
    <system-out><![CDATA[Ingrese tipo de vehículo (auto/moto/camioneta): Opción no válida. Intente de nuevo.

Ingrese tipo de vehículo (auto/moto/camioneta): 
]]></system-out>
  </testcase>
  <testcase name="patenteAnularOperacion" classname="VistasEstacionamientoTest" time="0.001">
    <system-out><![CDATA[Formato esperado: LLDDDD o LLLLDD, L es letra, D es dígito.
Ejemplos: JD3289 o FEUW28.
Ingrese 0 para anular la operación.
Ingrese patente del vehículo entrante: 
]]></system-out>
  </testcase>
  <testcase name="detalleTicketMostrarAbierto" classname="VistasEstacionamientoTest" time="0.003">
    <system-out><![CDATA[=== Detalle de Ticket ===
ID: 1
Patente: AB1234
Tipo de vehículo: AUTO
Fecha y hora de acceso: null
Estado: Abierto
=========================

Ingrese 0 para volver al menú.
Ingrese cualquier otra tecla si desea volver al listado.
Seleccione una opción: 
]]></system-out>
  </testcase>
  <testcase name="idListaVacia" classname="VistasEstacionamientoTest" time="0.001">
    <system-out><![CDATA[No hay tickets abiertos de momento.
]]></system-out>
  </testcase>
  <testcase name="tipoMotoCorrecto" classname="VistasEstacionamientoTest" time="0.0">
    <system-out><![CDATA[Ingrese tipo de vehículo (auto/moto/camioneta): 
]]></system-out>
  </testcase>
  <testcase name="detalleVolver" classname="VistasEstacionamientoTest" time="0.001">
    <system-out><![CDATA[=== Detalle de Ticket ===
ID: 1
Patente: AB1234
Tipo de vehículo: AUTO
Fecha y hora de acceso: null
Estado: Abierto
=========================

Ingrese 0 para volver al menú.
Ingrese cualquier otra tecla si desea volver al listado.
Seleccione una opción: 
]]></system-out>
  </testcase>
  <testcase name="tipoAnularOperacion" classname="VistasEstacionamientoTest" time="0.001">
    <system-out><![CDATA[Ingrese tipo de vehículo (auto/moto/camioneta): 
]]></system-out>
  </testcase>
  <testcase name="detalleMenu" classname="VistasEstacionamientoTest" time="0.001">
    <system-out><![CDATA[=== Detalle de Ticket ===
ID: 1
Patente: AB1234
Tipo de vehículo: AUTO
Fecha y hora de acceso: null
Fecha y hora de salida: null
Monto cobrado: $0
Estado: Cerrado
=========================

Ingrese 0 para volver al menú.
Ingrese cualquier otra tecla si desea volver al listado.
Seleccione una opción: 
]]></system-out>
  </testcase>
  <testcase name="tipoAutoCorrecto" classname="VistasEstacionamientoTest" time="0.001">
    <system-out><![CDATA[Ingrese tipo de vehículo (auto/moto/camioneta): 
]]></system-out>
  </testcase>
  <testcase name="menuOpcionEnteroMenorInválidoVálido" classname="VistasEstacionamientoTest" time="0.001">
    <system-out><![CDATA[=== Menú principal ===
1. Registrar entrada
2. Registrar salida
3. Lista de tickets abiertos
4. Lista de tickets cerrados
5. Recaudación del día
6. Salir
======================

Seleccione una opción: Opción no válida. Intente de nuevo.

=== Menú principal ===
1. Registrar entrada
2. Registrar salida
3. Lista de tickets abiertos
4. Lista de tickets cerrados
5. Recaudación del día
6. Salir
======================

Seleccione una opción: 
]]></system-out>
  </testcase>
  <testcase name="detalleTicketMostrarCerrado" classname="VistasEstacionamientoTest" time="0.001">
    <system-out><![CDATA[=== Detalle de Ticket ===
ID: 1
Patente: AB1234
Tipo de vehículo: AUTO
Fecha y hora de acceso: null
Fecha y hora de salida: 2025-12-04T22:25:23.747630195
Monto cobrado: $5000
Estado: Cerrado
=========================

Ingrese 0 para volver al menú.
Ingrese cualquier otra tecla si desea volver al listado.
Seleccione una opción: 
]]></system-out>
  </testcase>
  <testcase name="idRetroceder" classname="VistasEstacionamientoTest" time="0.001">
    <system-out><![CDATA[=== Lista de Tickets ===
ID: 1  |  Patente: AB1234
ID: 2  |  Patente: CD5678
ID: 3  |  Patente: EF9012
========================

Ingrese 0 para anular la operación.
Ingrese ID del ticket para revisar su detalle: 
]]></system-out>
  </testcase>
</testsuite>