<?xml version="1.0" encoding="UTF-8"?>
<testsuite xmlns:xsi="http://www.w3.org/2001/XMLSchema-instance" xsi:noNamespaceSchemaLocation="https://maven.apache.org/surefire/maven-surefire-plugin/xsd/surefire-test-report-3.0.xsd" version="3.0" name="ControladorEstacionamientoTest" time="0.04" tests="8" errors="8" skipped="0" failures="0">
  <properties>
    <property name="java.specification.version" value="25"/>
    <property name="sun.jnu.encoding" value="UTF-8"/>
    <property name="java.class.path" value="/home/matty/USM/PdS/Tarea-2/target/test-classes:/home/matty/USM/PdS/Tarea-2/target/classes:/home/matty/.m2/repository/org/junit/jupiter/junit-jupiter/5.10.0/junit-jupiter-5.10.0.jar:/home/matty/.m2/repository/org/junit/jupiter/junit-jupiter-api/5.10.0/junit-jupiter-api-5.10.0.jar:/home/matty/.m2/repository/org/opentest4j/opentest4j/1.3.0/opentest4j-1.3.0.jar:/home/matty/.m2/repository/org/junit/platform/junit-platform-commons/1.10.0/junit-platform-commons-1.10.0.jar:/home/matty/.m2/repository/org/apiguardian/apiguardian-api/1.1.2/apiguardian-api-1.1.2.jar:/home/matty/.m2/repository/org/junit/jupiter/junit-jupiter-params/5.10.0/junit-jupiter-params-5.10.0.jar:/home/matty/.m2/repository/org/junit/jupiter/junit-jupiter-engine/5.10.0/junit-jupiter-engine-5.10.0.jar:/home/matty/.m2/repository/org/junit/platform/junit-platform-engine/1.10.0/junit-platform-engine-1.10.0.jar:"/>
    <property name="java.vm.vendor" value="Ubuntu"/>
    <property name="sun.arch.data.model" value="64"/>
    <property name="java.vendor.url" value="https://ubuntu.com/"/>
    <property name="os.name" value="Linux"/>
    <property name="java.vm.specification.version" value="25"/>
    <property name="sun.java.launcher" value="SUN_STANDARD"/>
    <property name="user.country" value="ES"/>
    <property name="sun.boot.library.path" value="/usr/lib/jvm/java-25-openjdk-amd64/lib"/>
    <property name="sun.java.command" value="/home/matty/USM/PdS/Tarea-2/target/surefire/surefirebooter-20251204195236720_3.jar /home/matty/USM/PdS/Tarea-2/target/surefire 2025-12-04T19-52-36_665-jvmRun1 surefire-20251204195236720_1tmp surefire_0-20251204195236720_2tmp"/>
    <property name="jdk.debug" value="release"/>
    <property name="surefire.test.class.path" value="/home/matty/USM/PdS/Tarea-2/target/test-classes:/home/matty/USM/PdS/Tarea-2/target/classes:/home/matty/.m2/repository/org/junit/jupiter/junit-jupiter/5.10.0/junit-jupiter-5.10.0.jar:/home/matty/.m2/repository/org/junit/jupiter/junit-jupiter-api/5.10.0/junit-jupiter-api-5.10.0.jar:/home/matty/.m2/repository/org/opentest4j/opentest4j/1.3.0/opentest4j-1.3.0.jar:/home/matty/.m2/repository/org/junit/platform/junit-platform-commons/1.10.0/junit-platform-commons-1.10.0.jar:/home/matty/.m2/repository/org/apiguardian/apiguardian-api/1.1.2/apiguardian-api-1.1.2.jar:/home/matty/.m2/repository/org/junit/jupiter/junit-jupiter-params/5.10.0/junit-jupiter-params-5.10.0.jar:/home/matty/.m2/repository/org/junit/jupiter/junit-jupiter-engine/5.10.0/junit-jupiter-engine-5.10.0.jar:/home/matty/.m2/repository/org/junit/platform/junit-platform-engine/1.10.0/junit-platform-engine-1.10.0.jar:"/>
    <property name="sun.cpu.endian" value="little"/>
    <property name="user.home" value="/home/matty"/>
    <property name="user.language" value="es"/>
    <property name="java.specification.vendor" value="Oracle Corporation"/>
    <property name="java.version.date" value="2025-10-21"/>
    <property name="java.home" value="/usr/lib/jvm/java-25-openjdk-amd64"/>
    <property name="file.separator" value="/"/>
    <property name="basedir" value="/home/matty/USM/PdS/Tarea-2"/>
    <property name="java.vm.compressedOopsMode" value="Zero based"/>
    <property name="line.separator" value="&#10;"/>
    <property name="java.specification.name" value="Java Platform API Specification"/>
    <property name="java.vm.specification.vendor" value="Oracle Corporation"/>
    <property name="surefire.real.class.path" value="/home/matty/USM/PdS/Tarea-2/target/surefire/surefirebooter-20251204195236720_3.jar"/>
    <property name="sun.management.compiler" value="HotSpot 64-Bit Tiered Compilers"/>
    <property name="java.runtime.version" value="25.0.1+8-Ubuntu-124.04"/>
    <property name="user.name" value="matty"/>
    <property name="stdout.encoding" value="UTF-8"/>
    <property name="path.separator" value=":"/>
    <property name="os.version" value="6.14.0-36-generic"/>
    <property name="java.runtime.name" value="OpenJDK Runtime Environment"/>
    <property name="file.encoding" value="UTF-8"/>
    <property name="java.vm.name" value="OpenJDK 64-Bit Server VM"/>
    <property name="localRepository" value="/home/matty/.m2/repository"/>
    <property name="java.vendor.url.bug" value="https://bugs.launchpad.net/ubuntu/+source/openjdk-25"/>
    <property name="java.io.tmpdir" value="/tmp"/>
    <property name="java.version" value="25.0.1"/>
    <property name="user.dir" value="/home/matty/USM/PdS/Tarea-2"/>
    <property name="os.arch" value="amd64"/>
    <property name="java.vm.specification.name" value="Java Virtual Machine Specification"/>
    <property name="native.encoding" value="UTF-8"/>
    <property name="java.library.path" value="/usr/java/packages/lib:/usr/lib/x86_64-linux-gnu/jni:/lib/x86_64-linux-gnu:/usr/lib/x86_64-linux-gnu:/usr/lib/jni:/lib:/usr/lib"/>
    <property name="java.vm.info" value="mixed mode, sharing"/>
    <property name="stderr.encoding" value="UTF-8"/>
    <property name="java.vendor" value="Ubuntu"/>
    <property name="java.vm.version" value="25.0.1+8-Ubuntu-124.04"/>
    <property name="stdin.encoding" value="UTF-8"/>
    <property name="sun.io.unicode.encoding" value="UnicodeLittle"/>
    <property name="java.class.version" value="69.0"/>
  </properties>
  <testcase name="calcularMontoDescuentoFinDeSemana" classname="ControladorEstacionamientoTest" time="0.017">
    <error message="Unresolved compilation problem: &#10;	The method calcularMonto(LocalDateTime, LocalDateTime, String) is undefined for the type ControladorEstacionamiento&#10;" type="java.lang.Error"><![CDATA[java.lang.Error: 
Unresolved compilation problem: 
	The method calcularMonto(LocalDateTime, LocalDateTime, String) is undefined for the type ControladorEstacionamiento

	at ControladorEstacionamientoTest.calcularMontoDescuentoFinDeSemana(ControladorEstacionamientoTest.java:68)
	at java.base/java.lang.reflect.Method.invoke(Method.java:565)
	at java.base/java.util.ArrayList.forEach(ArrayList.java:1604)
	at java.base/java.util.ArrayList.forEach(ArrayList.java:1604)
]]></error>
  </testcase>
  <testcase name="calcularDiaSinTickets" classname="ControladorEstacionamientoTest" time="0.002">
    <error message="Unresolved compilation problem: &#10;	The method calcularDia(ArrayList&lt;Ticket&gt;) is undefined for the type ControladorEstacionamiento&#10;" type="java.lang.Error"><![CDATA[java.lang.Error: 
Unresolved compilation problem: 
	The method calcularDia(ArrayList<Ticket>) is undefined for the type ControladorEstacionamiento

	at ControladorEstacionamientoTest.calcularDiaSinTickets(ControladorEstacionamientoTest.java:106)
	at java.base/java.lang.reflect.Method.invoke(Method.java:565)
	at java.base/java.util.ArrayList.forEach(ArrayList.java:1604)
	at java.base/java.util.ArrayList.forEach(ArrayList.java:1604)
]]></error>
  </testcase>
  <testcase name="calcularDiaNormal" classname="ControladorEstacionamientoTest" time="0.001">
    <error message="Unresolved compilation problem: &#10;	The method calcularDia(ArrayList&lt;Ticket&gt;) is undefined for the type ControladorEstacionamiento&#10;" type="java.lang.Error"><![CDATA[java.lang.Error: 
Unresolved compilation problem: 
	The method calcularDia(ArrayList<Ticket>) is undefined for the type ControladorEstacionamiento

	at ControladorEstacionamientoTest.calcularDiaNormal(ControladorEstacionamientoTest.java:93)
	at java.base/java.lang.reflect.Method.invoke(Method.java:565)
	at java.base/java.util.ArrayList.forEach(ArrayList.java:1604)
	at java.base/java.util.ArrayList.forEach(ArrayList.java:1604)
]]></error>
  </testcase>
  <testcase name="calcularMontoNormalAuto" classname="ControladorEstacionamientoTest" time="0.001">
    <error message="Unresolved compilation problem: &#10;	The method calcularMonto(LocalDateTime, LocalDateTime, String) is undefined for the type ControladorEstacionamiento&#10;" type="java.lang.Error"><![CDATA[java.lang.Error: 
Unresolved compilation problem: 
	The method calcularMonto(LocalDateTime, LocalDateTime, String) is undefined for the type ControladorEstacionamiento

	at ControladorEstacionamientoTest.calcularMontoNormalAuto(ControladorEstacionamientoTest.java:13)
	at java.base/java.lang.reflect.Method.invoke(Method.java:565)
	at java.base/java.util.ArrayList.forEach(ArrayList.java:1604)
	at java.base/java.util.ArrayList.forEach(ArrayList.java:1604)
]]></error>
  </testcase>
  <testcase name="calcularMontoNormalMoto" classname="ControladorEstacionamientoTest" time="0.001">
    <error message="Unresolved compilation problem: &#10;	The method calcularMonto(LocalDateTime, LocalDateTime, String) is undefined for the type ControladorEstacionamiento&#10;" type="java.lang.Error"><![CDATA[java.lang.Error: 
Unresolved compilation problem: 
	The method calcularMonto(LocalDateTime, LocalDateTime, String) is undefined for the type ControladorEstacionamiento

	at ControladorEstacionamientoTest.calcularMontoNormalMoto(ControladorEstacionamientoTest.java:24)
	at java.base/java.lang.reflect.Method.invoke(Method.java:565)
	at java.base/java.util.ArrayList.forEach(ArrayList.java:1604)
	at java.base/java.util.ArrayList.forEach(ArrayList.java:1604)
]]></error>
  </testcase>
  <testcase name="calcularMontoNormalCamioneta" classname="ControladorEstacionamientoTest" time="0.0">
    <error message="Unresolved compilation problem: &#10;	The method calcularMonto(LocalDateTime, LocalDateTime, String) is undefined for the type ControladorEstacionamiento&#10;" type="java.lang.Error"><![CDATA[java.lang.Error: 
Unresolved compilation problem: 
	The method calcularMonto(LocalDateTime, LocalDateTime, String) is undefined for the type ControladorEstacionamiento

	at ControladorEstacionamientoTest.calcularMontoNormalCamioneta(ControladorEstacionamientoTest.java:35)
	at java.base/java.lang.reflect.Method.invoke(Method.java:565)
	at java.base/java.util.ArrayList.forEach(ArrayList.java:1604)
	at java.base/java.util.ArrayList.forEach(ArrayList.java:1604)
]]></error>
  </testcase>
  <testcase name="calcularMonto0Minutos" classname="ControladorEstacionamientoTest" time="0.0">
    <error message="Unresolved compilation problem: &#10;	The method calcularMonto(LocalDateTime, LocalDateTime, String) is undefined for the type ControladorEstacionamiento&#10;" type="java.lang.Error"><![CDATA[java.lang.Error: 
Unresolved compilation problem: 
	The method calcularMonto(LocalDateTime, LocalDateTime, String) is undefined for the type ControladorEstacionamiento

	at ControladorEstacionamientoTest.calcularMonto0Minutos(ControladorEstacionamientoTest.java:46)
	at java.base/java.lang.reflect.Method.invoke(Method.java:565)
	at java.base/java.util.ArrayList.forEach(ArrayList.java:1604)
	at java.base/java.util.ArrayList.forEach(ArrayList.java:1604)
]]></error>
  </testcase>
  <testcase name="calcularMontoMaximo" classname="ControladorEstacionamientoTest" time="0.001">
    <error message="Unresolved compilation problem: &#10;	The method calcularMonto(LocalDateTime, LocalDateTime, String) is undefined for the type ControladorEstacionamiento&#10;" type="java.lang.Error"><![CDATA[java.lang.Error: 
Unresolved compilation problem: 
	The method calcularMonto(LocalDateTime, LocalDateTime, String) is undefined for the type ControladorEstacionamiento

	at ControladorEstacionamientoTest.calcularMontoMaximo(ControladorEstacionamientoTest.java:57)
	at java.base/java.lang.reflect.Method.invoke(Method.java:565)
	at java.base/java.util.ArrayList.forEach(ArrayList.java:1604)
	at java.base/java.util.ArrayList.forEach(ArrayList.java:1604)
]]></error>
  </testcase>
</testsuite>